<?xml version="1.0" encoding="UTF-8" ?>
<testsuite errors="0" failures="0" hostname="ta-9.cs.byu.edu" name="game.pieces.BoardPieceTest" tests="2" time="0.004" timestamp="2014-07-15T15:58:13">
  <properties>
    <property name="java.vendor" value="Oracle Corporation" />
    <property name="java.lib.dir" value="java/lib" />
    <property name="sun.java.launcher" value="SUN_STANDARD" />
    <property name="sun.management.compiler" value="HotSpot 64-Bit Tiered Compilers" />
    <property name="os.name" value="Linux" />
    <property name="sun.boot.class.path" value="/usr/java/jdk1.7.0_25/jre/lib/resources.jar:/usr/java/jdk1.7.0_25/jre/lib/rt.jar:/usr/java/jdk1.7.0_25/jre/lib/sunrsasign.jar:/usr/java/jdk1.7.0_25/jre/lib/jsse.jar:/usr/java/jdk1.7.0_25/jre/lib/jce.jar:/usr/java/jdk1.7.0_25/jre/lib/charsets.jar:/usr/java/jdk1.7.0_25/jre/lib/jfr.jar:/usr/java/jdk1.7.0_25/jre/classes" />
    <property name="TODAY" value="July 15 2014" />
    <property name="java.test.dir" value="java/test" />
    <property name="java.vm.specification.vendor" value="Oracle Corporation" />
    <property name="ant.home" value="/usr/share/ant" />
    <property name="java.runtime.version" value="1.7.0_25-b15" />
    <property name="dest.dir" value="docs" />
    <property name="user.name" value="cjkirk09" />
    <property name="web.arg" value="gameplay" />
    <property name="user.language" value="en" />
    <property name="sun.boot.library.path" value="/usr/java/jdk1.7.0_25/jre/lib/amd64" />
    <property name="ant.project.default-target" value="server" />
    <property name="ant.project.name" value="Catan Game" />
    <property name="DSTAMP" value="20140715" />
    <property name="java.version" value="1.7.0_25" />
    <property name="user.timezone" value="" />
    <property name="sun.arch.data.model" value="64" />
    <property name="java.endorsed.dirs" value="/usr/java/jdk1.7.0_25/jre/lib/endorsed" />
    <property name="sun.cpu.isalist" value="" />
    <property name="sun.jnu.encoding" value="UTF-8" />
    <property name="file.encoding.pkg" value="sun.io" />
    <property name="file.separator" value="/" />
    <property name="java.specification.name" value="Java Platform API Specification" />
    <property name="java.class.version" value="51.0" />
    <property name="user.country" value="US" />
    <property name="java.home" value="/usr/java/jdk1.7.0_25/jre" />
    <property name="java.vm.info" value="mixed mode" />
    <property name="ant.file" value="/users/guest/c/cjkirk09/GitHub/Catan/build.xml" />
    <property name="os.version" value="3.12.11-201.fc19.x86_64" />
    <property name="java.dist" value="/users/guest/c/cjkirk09/GitHub/Catan/java/dist" />
    <property name="path.separator" value=":" />
    <property name="java.vm.version" value="23.25-b01" />
    <property name="port.arg" value="8081" />
    <property name="ant.library.dir" value="/usr/share/ant/lib" />
    <property name="java.awt.printerjob" value="sun.print.PSPrinterJob" />
    <property name="sun.io.unicode.encoding" value="UnicodeLittle" />
    <property name="awt.toolkit" value="sun.awt.X11.XToolkit" />
    <property name="user.home" value="/users/guest/c/cjkirk09" />
    <property name="java.specification.vendor" value="Oracle Corporation" />
    <property name="jar.file" value="server.jar" />
    <property name="java.library.path" value="/usr/java/packages/lib/amd64:/usr/lib64:/lib64:/lib:/usr/lib" />
    <property name="java.vendor.url" value="http://java.oracle.com/" />
    <property name="java.vm.vendor" value="Oracle Corporation" />
    <property name="java.images" value="/users/guest/c/cjkirk09/GitHub/Catan/java/images" />
    <property name="java.runtime.name" value="Java(TM) SE Runtime Environment" />
    <property name="sun.java.command" value="org.apache.tools.ant.launch.Launcher -cp  test" />
    <property name="java.class.path" value="/usr/share/java/ant.jar:/usr/share/java/ant-launcher.jar:/usr/share/java/jaxp_parser_impl.jar:/usr/share/java/xml-commons-apis.jar:/usr/share/java/antlr.jar:/usr/share/java/ant/ant-antlr.jar:/usr/share/java/bcel.jar:/usr/share/java/ant/ant-apache-bcel.jar:/usr/share/java/bsf.jar:/usr/share/java/ant/ant-apache-bsf.jar:/usr/share/java/log4j.jar:/usr/share/java/ant/ant-apache-log4j.jar:/usr/share/java/oro.jar:/usr/share/java/ant/ant-apache-oro.jar:/usr/share/java/regexp.jar:/usr/share/java/ant/ant-apache-regexp.jar:/usr/share/java/xml-commons-resolver.jar:/usr/share/java/ant/ant-apache-resolver.jar:/usr/share/java/xalan-j2.jar:/usr/share/java/xalan-j2-serializer.jar:/usr/share/java/ant/ant-apache-xalan2.jar:/usr/share/java/apache-commons-logging.jar:/usr/share/java/ant/ant-commons-logging.jar:/usr/share/java/apache-commons-net.jar:/usr/share/java/ant/ant-commons-net.jar:/usr/share/java/javamail/dsn.jar:/usr/share/java/javamail/mail.jar:/usr/share/java/ant/ant-javamail.jar:/usr/share/java/jdepend.jar:/usr/share/java/ant/ant-jdepend.jar:/usr/share/java/ant/ant-jmf.jar:/usr/share/java/jsch.jar:/usr/share/java/ant/ant-jsch.jar:/usr/share/java/junit.jar:/usr/share/java/ant/ant-junit.jar:/usr/share/java/junit.jar:/usr/share/java/ant/ant-junit4.jar:/usr/share/java/ant/ant-swing.jar:/usr/share/java/ant/ant-testutil.jar:/usr/java/latest/lib/tools.jar:/usr/share/ant/lib/ant.jar:/usr/share/ant/lib/ant-apache-oro.jar:/usr/share/ant/lib/ant-testutil.jar:/usr/share/ant/lib/ant-jsch.jar:/usr/share/ant/lib/ant-launcher.jar:/usr/share/ant/lib/ant-apache-xalan2.jar:/usr/share/ant/lib/ant-commons-logging.jar:/usr/share/ant/lib/ant-antlr.jar:/usr/share/ant/lib/ant-apache-bsf.jar:/usr/share/ant/lib/ant-swing.jar:/usr/share/ant/lib/ant-apache-bcel.jar:/usr/share/ant/lib/ant-javamail.jar:/usr/share/ant/lib/ant-junit.jar:/usr/share/ant/lib/ant-junit4.jar:/usr/share/ant/lib/ant-jmf.jar:/usr/share/ant/lib/ant-apache-log4j.jar:/usr/share/ant/lib/ant-jdepend.jar:/usr/share/ant/lib/ant-apache-resolver.jar:/usr/share/ant/lib/ant-commons-net.jar:/usr/share/ant/lib/ant-apache-regexp.jar:/usr/share/ant/lib/ant-bootstrap.jar" />
    <property name="ant.version" value="Apache Ant(TM) version 1.8.4 compiled on February 13 2013" />
    <property name="TSTAMP" value="0958" />
    <property name="java.build" value="/users/guest/c/cjkirk09/GitHub/Catan/java/build" />
    <property name="java.vm.specification.name" value="Java Virtual Machine Specification" />
    <property name="ant.file.type" value="file" />
    <property name="java.vm.specification.version" value="1.7" />
    <property name="sun.cpu.endian" value="little" />
    <property name="sun.os.patch.level" value="unknown" />
    <property name="java.dir" value="java" />
    <property name="java.io.tmpdir" value="/tmp" />
    <property name="java.vendor.url.bug" value="http://bugreport.sun.com/bugreport/" />
    <property name="os.arch" value="amd64" />
    <property name="java.awt.graphicsenv" value="sun.awt.X11GraphicsEnvironment" />
    <property name="java.ext.dirs" value="/usr/java/jdk1.7.0_25/jre/lib/ext:/usr/java/packages/lib/ext" />
    <property name="user.dir" value="/users/guest/c/cjkirk09/GitHub/Catan" />
    <property name="line.separator" value="&#xa;" />
    <property name="ant.file.type.Catan Game" value="file" />
    <property name="java.vm.name" value="Java HotSpot(TM) 64-Bit Server VM" />
    <property name="basedir" value="/users/guest/c/cjkirk09/GitHub/Catan" />
    <property name="ant.java.version" value="1.7" />
    <property name="requests.arg" value="ug" />
    <property name="ant.core.lib" value="/usr/share/java/ant.jar" />
    <property name="outputresults" value="/users/guest/c/cjkirk09/GitHub/Catan/output" />
    <property name="file.encoding" value="UTF-8" />
    <property name="ant.file.Catan Game" value="/users/guest/c/cjkirk09/GitHub/Catan/build.xml" />
    <property name="host.arg" value="localhost" />
    <property name="java.specification.version" value="1.7" />
    <property name="java.src.dir" value="java/src" />
    <property name="ant.project.invoked-targets" value="test" />
    <property name="javadoc.dir" value="docs/java" />
    <property name="gson.file" value="/users/guest/c/cjkirk09/GitHub/Catan/gson-2.2.4.jar" />
  </properties>
  <testcase classname="game.pieces.BoardPieceTest" name="testGetOwner" time="0.0" />
  <testcase classname="game.pieces.BoardPieceTest" name="testIsActive" time="0.0" />
  <system-out><![CDATA[getOwner
isActive
]]></system-out>
  <system-err><![CDATA[]]></system-err>
</testsuite>
