<?xml version="1.0" encoding="UTF-8" ?>
<testsuite errors="0" failures="0" hostname="Hobbes" name="client.serverProxy.ServerPollerTest" skipped="0" tests="2" time="0.142" timestamp="2014-07-16T19:36:46">
  <properties>
    <property name="java.vendor" value="Oracle Corporation" />
    <property name="java.lib.dir" value="java/lib" />
    <property name="sun.java.launcher" value="SUN_STANDARD" />
    <property name="sun.management.compiler" value="HotSpot Client Compiler" />
    <property name="os.name" value="Windows 7" />
    <property name="sun.boot.class.path" value="C:\Program Files\Java\jre7\lib\resources.jar;C:\Program Files\Java\jre7\lib\rt.jar;C:\Program Files\Java\jre7\lib\sunrsasign.jar;C:\Program Files\Java\jre7\lib\jsse.jar;C:\Program Files\Java\jre7\lib\jce.jar;C:\Program Files\Java\jre7\lib\charsets.jar;C:\Program Files\Java\jre7\lib\jfr.jar;C:\Program Files\Java\jre7\classes" />
    <property name="TODAY" value="July 16 2014" />
    <property name="sun.desktop" value="windows" />
    <property name="java.test.dir" value="java/test" />
    <property name="java.vm.specification.vendor" value="Oracle Corporation" />
    <property name="ant.home" value="c:/Program Files/Ant/apache-ant-1.9.3" />
    <property name="java.runtime.version" value="1.7.0_51-b13" />
    <property name="dest.dir" value="docs" />
    <property name="user.name" value="Cory" />
    <property name="web.arg" value="gameplay" />
    <property name="user.language" value="en" />
    <property name="sun.boot.library.path" value="C:\Program Files\Java\jre7\bin" />
    <property name="ant.project.default-target" value="server" />
    <property name="ant.project.name" value="Catan Game" />
    <property name="DSTAMP" value="20140716" />
    <property name="java.version" value="1.7.0_51" />
    <property name="user.timezone" value="" />
    <property name="sun.arch.data.model" value="32" />
    <property name="java.endorsed.dirs" value="C:\Program Files\Java\jre7\lib\endorsed" />
    <property name="sun.cpu.isalist" value="pentium_pro+mmx pentium_pro pentium+mmx pentium i486 i386 i86" />
    <property name="sun.jnu.encoding" value="Cp1252" />
    <property name="file.encoding.pkg" value="sun.io" />
    <property name="file.separator" value="\" />
    <property name="java.specification.name" value="Java Platform API Specification" />
    <property name="java.class.version" value="51.0" />
    <property name="user.country" value="US" />
    <property name="java.home" value="C:\Program Files\Java\jre7" />
    <property name="java.vm.info" value="mixed mode, sharing" />
    <property name="ant.file" value="c:\Users\Cory\Documents\GitHub\Catan\Catan\build.xml" />
    <property name="os.version" value="6.1" />
    <property name="java.dist" value="c:\Users\Cory\Documents\GitHub\Catan\Catan\java\dist" />
    <property name="path.separator" value=";" />
    <property name="java.vm.version" value="24.51-b03" />
    <property name="port.arg" value="8081" />
    <property name="user.variant" value="" />
    <property name="ant.library.dir" value="c:/Program Files/Ant/apache-ant-1.9.3/lib" />
    <property name="java.awt.printerjob" value="sun.awt.windows.WPrinterJob" />
    <property name="sun.io.unicode.encoding" value="UnicodeLittle" />
    <property name="awt.toolkit" value="sun.awt.windows.WToolkit" />
    <property name="user.script" value="" />
    <property name="user.home" value="C:\Users\Cory" />
    <property name="java.specification.vendor" value="Oracle Corporation" />
    <property name="jar.file" value="server.jar" />
    <property name="java.library.path" value="c:\Windows\system32;C:\Windows\Sun\Java\bin;C:\Windows\system32;C:\Windows;c:\Users\Cory\bin;C:\Users\Cory\AppData\Local\GitHub\PortableGit_054f2e797ebafd44a30203088cd3d58663c627ef\local\bin;C:\Users\Cory\AppData\Local\GitHub\PortableGit_054f2e797ebafd44a30203088cd3d58663c627ef\mingw\bin;C:\Users\Cory\AppData\Local\GitHub\PortableGit_054f2e797ebafd44a30203088cd3d58663c627ef\bin;C:\Users\Cory\AppData\Local\GitHub\PortableGit_054f2e797ebafd44a30203088cd3d58663c627ef\cmd;C:\Users\Cory\AppData\Local\GitHub\PortableGit_054f2e797ebafd44a30203088cd3d58663c627ef\bin;c:\Users\Cory\AppData\Local\Apps\2.0\76R0MDK4.XME\MWNZ11R8.AVG\gith..tion_317444273a93ac29_0002.0001_8784f503daa4e714;c:\Windows\Microsoft.NET\Framework\v4.0.30319;c:\Windows\system32;c:\Windows;c:\Windows\System32\Wbem;c:\Windows\System32\WindowsPowerShell\v1.0\;c:\Program Files\Microsoft SQL Server\110\Tools\Binn\;c:\Program Files\Java\jdk1.7.0_45\;c:\Program Files\Ant\apache-ant-1.9.3\bin;." />
    <property name="java.vendor.url" value="http://java.oracle.com/" />
    <property name="java.vm.vendor" value="Oracle Corporation" />
    <property name="java.images" value="c:\Users\Cory\Documents\GitHub\Catan\Catan\java\images" />
    <property name="java.runtime.name" value="Java(TM) SE Runtime Environment" />
    <property name="sun.java.command" value="org.apache.tools.ant.launch.Launcher -cp  test" />
    <property name="java.class.path" value="c:/Program Files/Ant/apache-ant-1.9.3/lib/ant-launcher.jar;c:\Program Files\Ant\apache-ant-1.9.3\lib\ant-antlr.jar;c:\Program Files\Ant\apache-ant-1.9.3\lib\ant-apache-bcel.jar;c:\Program Files\Ant\apache-ant-1.9.3\lib\ant-apache-bsf.jar;c:\Program Files\Ant\apache-ant-1.9.3\lib\ant-apache-log4j.jar;c:\Program Files\Ant\apache-ant-1.9.3\lib\ant-apache-oro.jar;c:\Program Files\Ant\apache-ant-1.9.3\lib\ant-apache-regexp.jar;c:\Program Files\Ant\apache-ant-1.9.3\lib\ant-apache-resolver.jar;c:\Program Files\Ant\apache-ant-1.9.3\lib\ant-apache-xalan2.jar;c:\Program Files\Ant\apache-ant-1.9.3\lib\ant-commons-logging.jar;c:\Program Files\Ant\apache-ant-1.9.3\lib\ant-commons-net.jar;c:\Program Files\Ant\apache-ant-1.9.3\lib\ant-jai.jar;c:\Program Files\Ant\apache-ant-1.9.3\lib\ant-javamail.jar;c:\Program Files\Ant\apache-ant-1.9.3\lib\ant-jdepend.jar;c:\Program Files\Ant\apache-ant-1.9.3\lib\ant-jmf.jar;c:\Program Files\Ant\apache-ant-1.9.3\lib\ant-jsch.jar;c:\Program Files\Ant\apache-ant-1.9.3\lib\ant-junit.jar;c:\Program Files\Ant\apache-ant-1.9.3\lib\ant-junit4.jar;c:\Program Files\Ant\apache-ant-1.9.3\lib\ant-launcher.jar;c:\Program Files\Ant\apache-ant-1.9.3\lib\ant-netrexx.jar;c:\Program Files\Ant\apache-ant-1.9.3\lib\ant-swing.jar;c:\Program Files\Ant\apache-ant-1.9.3\lib\ant-testutil.jar;c:\Program Files\Ant\apache-ant-1.9.3\lib\ant.jar;C:\Program Files\Java\jre7\lib\tools.jar" />
    <property name="ant.version" value="Apache Ant(TM) version 1.9.3 compiled on December 23 2013" />
    <property name="TSTAMP" value="1335" />
    <property name="java.build" value="c:\Users\Cory\Documents\GitHub\Catan\Catan\java\build" />
    <property name="java.vm.specification.name" value="Java Virtual Machine Specification" />
    <property name="ant.file.type" value="file" />
    <property name="java.vm.specification.version" value="1.7" />
    <property name="sun.cpu.endian" value="little" />
    <property name="sun.os.patch.level" value="Service Pack 1" />
    <property name="java.dir" value="java" />
    <property name="java.io.tmpdir" value="C:\Users\Cory\AppData\Local\Temp\" />
    <property name="java.vendor.url.bug" value="http://bugreport.sun.com/bugreport/" />
    <property name="os.arch" value="x86" />
    <property name="java.awt.graphicsenv" value="sun.awt.Win32GraphicsEnvironment" />
    <property name="java.ext.dirs" value="C:\Program Files\Java\jre7\lib\ext;C:\Windows\Sun\Java\lib\ext" />
    <property name="user.dir" value="c:\Users\Cory\Documents\GitHub\Catan\Catan" />
    <property name="line.separator" value="&#xd;&#xa;" />
    <property name="ant.file.type.Catan Game" value="file" />
    <property name="java.vm.name" value="Java HotSpot(TM) Client VM" />
    <property name="basedir" value="c:\Users\Cory\Documents\GitHub\Catan\Catan" />
    <property name="ant.java.version" value="1.7" />
    <property name="requests.arg" value="ug" />
    <property name="ant.core.lib" value="c:\Program Files\Ant\apache-ant-1.9.3\lib\ant.jar" />
    <property name="outputresults" value="c:\Users\Cory\Documents\GitHub\Catan\Catan\output" />
    <property name="file.encoding" value="Cp1252" />
    <property name="ant.file.Catan Game" value="c:\Users\Cory\Documents\GitHub\Catan\Catan\build.xml" />
    <property name="host.arg" value="localhost" />
    <property name="java.specification.version" value="1.7" />
    <property name="java.src.dir" value="java/src" />
    <property name="ant.project.invoked-targets" value="test" />
    <property name="javadoc.dir" value="docs/java" />
    <property name="gson.file" value="c:\Users\Cory\Documents\GitHub\Catan\Catan\gson-2.2.4.jar" />
  </properties>
  <testcase classname="client.serverProxy.ServerPollerTest" name="testSetServerProxy" time="0.005" />
  <testcase classname="client.serverProxy.ServerPollerTest" name="testPoll" time="0.131" />
  <system-out><![CDATA[setServerProxy
poll
]]></system-out>
  <system-err><![CDATA[]]></system-err>
</testsuite>
